<?xml version="1.0" encoding="UTF-8"?>
<testsuite xmlns:xsi="http://www.w3.org/2001/XMLSchema-instance" xsi:noNamespaceSchemaLocation="https://maven.apache.org/surefire/maven-surefire-plugin/xsd/surefire-test-report-3.0.xsd" version="3.0" name="com.example.codechallenge.service.impl.UserServiceImplTest" time="0.016" tests="3" errors="0" skipped="0" failures="0">
  <properties>
    <property name="java.specification.version" value="17"/>
    <property name="sun.jnu.encoding" value="UTF-8"/>
    <property name="java.class.path" value="/Users/tavitainesvasquezanticona/Documents/2024/udemy2/reto/code-challenge-main/code-challenge-main-ibk/target/test-classes:/Users/tavitainesvasquezanticona/Documents/2024/udemy2/reto/code-challenge-main/code-challenge-main-ibk/target/classes:/Users/tavitainesvasquezanticona/.m2/repository/org/springframework/boot/spring-boot-starter-data-jpa/3.2.2/spring-boot-starter-data-jpa-3.2.2.jar:/Users/tavitainesvasquezanticona/.m2/repository/org/springframework/boot/spring-boot-starter-aop/3.2.2/spring-boot-starter-aop-3.2.2.jar:/Users/tavitainesvasquezanticona/.m2/repository/org/springframework/spring-aop/6.1.3/spring-aop-6.1.3.jar:/Users/tavitainesvasquezanticona/.m2/repository/org/aspectj/aspectjweaver/1.9.21/aspectjweaver-1.9.21.jar:/Users/tavitainesvasquezanticona/.m2/repository/org/springframework/boot/spring-boot-starter-jdbc/3.2.2/spring-boot-starter-jdbc-3.2.2.jar:/Users/tavitainesvasquezanticona/.m2/repository/com/zaxxer/HikariCP/5.0.1/HikariCP-5.0.1.jar:/Users/tavitainesvasquezanticona/.m2/repository/org/springframework/spring-jdbc/6.1.3/spring-jdbc-6.1.3.jar:/Users/tavitainesvasquezanticona/.m2/repository/org/hibernate/orm/hibernate-core/6.4.1.Final/hibernate-core-6.4.1.Final.jar:/Users/tavitainesvasquezanticona/.m2/repository/jakarta/persistence/jakarta.persistence-api/3.1.0/jakarta.persistence-api-3.1.0.jar:/Users/tavitainesvasquezanticona/.m2/repository/jakarta/transaction/jakarta.transaction-api/2.0.1/jakarta.transaction-api-2.0.1.jar:/Users/tavitainesvasquezanticona/.m2/repository/org/jboss/logging/jboss-logging/3.5.3.Final/jboss-logging-3.5.3.Final.jar:/Users/tavitainesvasquezanticona/.m2/repository/org/hibernate/common/hibernate-commons-annotations/6.0.6.Final/hibernate-commons-annotations-6.0.6.Final.jar:/Users/tavitainesvasquezanticona/.m2/repository/io/smallrye/jandex/3.1.2/jandex-3.1.2.jar:/Users/tavitainesvasquezanticona/.m2/repository/com/fasterxml/classmate/1.6.0/classmate-1.6.0.jar:/Users/tavitainesvasquezanticona/.m2/repository/net/bytebuddy/byte-buddy/1.14.11/byte-buddy-1.14.11.jar:/Users/tavitainesvasquezanticona/.m2/repository/org/glassfish/jaxb/jaxb-runtime/4.0.4/jaxb-runtime-4.0.4.jar:/Users/tavitainesvasquezanticona/.m2/repository/org/glassfish/jaxb/jaxb-core/4.0.4/jaxb-core-4.0.4.jar:/Users/tavitainesvasquezanticona/.m2/repository/org/eclipse/angus/angus-activation/2.0.1/angus-activation-2.0.1.jar:/Users/tavitainesvasquezanticona/.m2/repository/org/glassfish/jaxb/txw2/4.0.4/txw2-4.0.4.jar:/Users/tavitainesvasquezanticona/.m2/repository/com/sun/istack/istack-commons-runtime/4.1.2/istack-commons-runtime-4.1.2.jar:/Users/tavitainesvasquezanticona/.m2/repository/jakarta/inject/jakarta.inject-api/2.0.1/jakarta.inject-api-2.0.1.jar:/Users/tavitainesvasquezanticona/.m2/repository/org/antlr/antlr4-runtime/4.13.0/antlr4-runtime-4.13.0.jar:/Users/tavitainesvasquezanticona/.m2/repository/org/springframework/data/spring-data-jpa/3.2.2/spring-data-jpa-3.2.2.jar:/Users/tavitainesvasquezanticona/.m2/repository/org/springframework/data/spring-data-commons/3.2.2/spring-data-commons-3.2.2.jar:/Users/tavitainesvasquezanticona/.m2/repository/org/springframework/spring-orm/6.1.3/spring-orm-6.1.3.jar:/Users/tavitainesvasquezanticona/.m2/repository/org/springframework/spring-context/6.1.3/spring-context-6.1.3.jar:/Users/tavitainesvasquezanticona/.m2/repository/org/springframework/spring-tx/6.1.3/spring-tx-6.1.3.jar:/Users/tavitainesvasquezanticona/.m2/repository/org/springframework/spring-beans/6.1.3/spring-beans-6.1.3.jar:/Users/tavitainesvasquezanticona/.m2/repository/jakarta/annotation/jakarta.annotation-api/2.1.1/jakarta.annotation-api-2.1.1.jar:/Users/tavitainesvasquezanticona/.m2/repository/org/slf4j/slf4j-api/2.0.11/slf4j-api-2.0.11.jar:/Users/tavitainesvasquezanticona/.m2/repository/org/springframework/spring-aspects/6.1.3/spring-aspects-6.1.3.jar:/Users/tavitainesvasquezanticona/.m2/repository/org/springframework/boot/spring-boot-starter-validation/3.2.2/spring-boot-starter-validation-3.2.2.jar:/Users/tavitainesvasquezanticona/.m2/repository/org/springframework/boot/spring-boot-starter/3.2.2/spring-boot-starter-3.2.2.jar:/Users/tavitainesvasquezanticona/.m2/repository/org/springframework/boot/spring-boot/3.2.2/spring-boot-3.2.2.jar:/Users/tavitainesvasquezanticona/.m2/repository/org/springframework/boot/spring-boot-autoconfigure/3.2.2/spring-boot-autoconfigure-3.2.2.jar:/Users/tavitainesvasquezanticona/.m2/repository/org/springframework/boot/spring-boot-starter-logging/3.2.2/spring-boot-starter-logging-3.2.2.jar:/Users/tavitainesvasquezanticona/.m2/repository/ch/qos/logback/logback-classic/1.4.14/logback-classic-1.4.14.jar:/Users/tavitainesvasquezanticona/.m2/repository/ch/qos/logback/logback-core/1.4.14/logback-core-1.4.14.jar:/Users/tavitainesvasquezanticona/.m2/repository/org/apache/logging/log4j/log4j-to-slf4j/2.21.1/log4j-to-slf4j-2.21.1.jar:/Users/tavitainesvasquezanticona/.m2/repository/org/apache/logging/log4j/log4j-api/2.21.1/log4j-api-2.21.1.jar:/Users/tavitainesvasquezanticona/.m2/repository/org/slf4j/jul-to-slf4j/2.0.11/jul-to-slf4j-2.0.11.jar:/Users/tavitainesvasquezanticona/.m2/repository/org/yaml/snakeyaml/2.2/snakeyaml-2.2.jar:/Users/tavitainesvasquezanticona/.m2/repository/org/apache/tomcat/embed/tomcat-embed-el/10.1.18/tomcat-embed-el-10.1.18.jar:/Users/tavitainesvasquezanticona/.m2/repository/org/hibernate/validator/hibernate-validator/8.0.1.Final/hibernate-validator-8.0.1.Final.jar:/Users/tavitainesvasquezanticona/.m2/repository/jakarta/validation/jakarta.validation-api/3.0.2/jakarta.validation-api-3.0.2.jar:/Users/tavitainesvasquezanticona/.m2/repository/org/springframework/boot/spring-boot-starter-web/3.2.2/spring-boot-starter-web-3.2.2.jar:/Users/tavitainesvasquezanticona/.m2/repository/org/springframework/boot/spring-boot-starter-json/3.2.2/spring-boot-starter-json-3.2.2.jar:/Users/tavitainesvasquezanticona/.m2/repository/com/fasterxml/jackson/core/jackson-databind/2.15.3/jackson-databind-2.15.3.jar:/Users/tavitainesvasquezanticona/.m2/repository/com/fasterxml/jackson/core/jackson-annotations/2.15.3/jackson-annotations-2.15.3.jar:/Users/tavitainesvasquezanticona/.m2/repository/com/fasterxml/jackson/core/jackson-core/2.15.3/jackson-core-2.15.3.jar:/Users/tavitainesvasquezanticona/.m2/repository/com/fasterxml/jackson/datatype/jackson-datatype-jdk8/2.15.3/jackson-datatype-jdk8-2.15.3.jar:/Users/tavitainesvasquezanticona/.m2/repository/com/fasterxml/jackson/datatype/jackson-datatype-jsr310/2.15.3/jackson-datatype-jsr310-2.15.3.jar:/Users/tavitainesvasquezanticona/.m2/repository/com/fasterxml/jackson/module/jackson-module-parameter-names/2.15.3/jackson-module-parameter-names-2.15.3.jar:/Users/tavitainesvasquezanticona/.m2/repository/org/springframework/boot/spring-boot-starter-tomcat/3.2.2/spring-boot-starter-tomcat-3.2.2.jar:/Users/tavitainesvasquezanticona/.m2/repository/org/apache/tomcat/embed/tomcat-embed-core/10.1.18/tomcat-embed-core-10.1.18.jar:/Users/tavitainesvasquezanticona/.m2/repository/org/apache/tomcat/embed/tomcat-embed-websocket/10.1.18/tomcat-embed-websocket-10.1.18.jar:/Users/tavitainesvasquezanticona/.m2/repository/org/springframework/spring-web/6.1.3/spring-web-6.1.3.jar:/Users/tavitainesvasquezanticona/.m2/repository/io/micrometer/micrometer-observation/1.12.2/micrometer-observation-1.12.2.jar:/Users/tavitainesvasquezanticona/.m2/repository/io/micrometer/micrometer-commons/1.12.2/micrometer-commons-1.12.2.jar:/Users/tavitainesvasquezanticona/.m2/repository/org/springframework/spring-webmvc/6.1.3/spring-webmvc-6.1.3.jar:/Users/tavitainesvasquezanticona/.m2/repository/org/springframework/spring-expression/6.1.3/spring-expression-6.1.3.jar:/Users/tavitainesvasquezanticona/.m2/repository/org/springframework/cloud/spring-cloud-starter-openfeign/4.1.3/spring-cloud-starter-openfeign-4.1.3.jar:/Users/tavitainesvasquezanticona/.m2/repository/org/springframework/cloud/spring-cloud-starter/4.1.4/spring-cloud-starter-4.1.4.jar:/Users/tavitainesvasquezanticona/.m2/repository/org/springframework/cloud/spring-cloud-context/4.1.4/spring-cloud-context-4.1.4.jar:/Users/tavitainesvasquezanticona/.m2/repository/org/springframework/security/spring-security-rsa/1.1.3/spring-security-rsa-1.1.3.jar:/Users/tavitainesvasquezanticona/.m2/repository/org/bouncycastle/bcprov-jdk18on/1.78/bcprov-jdk18on-1.78.jar:/Users/tavitainesvasquezanticona/.m2/repository/org/springframework/cloud/spring-cloud-openfeign-core/4.1.3/spring-cloud-openfeign-core-4.1.3.jar:/Users/tavitainesvasquezanticona/.m2/repository/io/github/openfeign/form/feign-form-spring/3.8.0/feign-form-spring-3.8.0.jar:/Users/tavitainesvasquezanticona/.m2/repository/io/github/openfeign/form/feign-form/3.8.0/feign-form-3.8.0.jar:/Users/tavitainesvasquezanticona/.m2/repository/commons-fileupload/commons-fileupload/1.5/commons-fileupload-1.5.jar:/Users/tavitainesvasquezanticona/.m2/repository/commons-io/commons-io/2.11.0/commons-io-2.11.0.jar:/Users/tavitainesvasquezanticona/.m2/repository/org/springframework/cloud/spring-cloud-commons/4.1.4/spring-cloud-commons-4.1.4.jar:/Users/tavitainesvasquezanticona/.m2/repository/org/springframework/security/spring-security-crypto/6.2.1/spring-security-crypto-6.2.1.jar:/Users/tavitainesvasquezanticona/.m2/repository/io/github/openfeign/feign-core/13.3/feign-core-13.3.jar:/Users/tavitainesvasquezanticona/.m2/repository/io/github/openfeign/feign-slf4j/13.3/feign-slf4j-13.3.jar:/Users/tavitainesvasquezanticona/.m2/repository/com/h2database/h2/2.2.224/h2-2.2.224.jar:/Users/tavitainesvasquezanticona/.m2/repository/org/projectlombok/lombok/1.18.30/lombok-1.18.30.jar:/Users/tavitainesvasquezanticona/.m2/repository/org/springframework/boot/spring-boot-starter-test/3.2.2/spring-boot-starter-test-3.2.2.jar:/Users/tavitainesvasquezanticona/.m2/repository/org/springframework/boot/spring-boot-test/3.2.2/spring-boot-test-3.2.2.jar:/Users/tavitainesvasquezanticona/.m2/repository/org/springframework/boot/spring-boot-test-autoconfigure/3.2.2/spring-boot-test-autoconfigure-3.2.2.jar:/Users/tavitainesvasquezanticona/.m2/repository/com/jayway/jsonpath/json-path/2.8.0/json-path-2.8.0.jar:/Users/tavitainesvasquezanticona/.m2/repository/jakarta/xml/bind/jakarta.xml.bind-api/4.0.1/jakarta.xml.bind-api-4.0.1.jar:/Users/tavitainesvasquezanticona/.m2/repository/jakarta/activation/jakarta.activation-api/2.1.2/jakarta.activation-api-2.1.2.jar:/Users/tavitainesvasquezanticona/.m2/repository/net/minidev/json-smart/2.5.0/json-smart-2.5.0.jar:/Users/tavitainesvasquezanticona/.m2/repository/net/minidev/accessors-smart/2.5.0/accessors-smart-2.5.0.jar:/Users/tavitainesvasquezanticona/.m2/repository/org/ow2/asm/asm/9.3/asm-9.3.jar:/Users/tavitainesvasquezanticona/.m2/repository/org/assertj/assertj-core/3.24.2/assertj-core-3.24.2.jar:/Users/tavitainesvasquezanticona/.m2/repository/org/awaitility/awaitility/4.2.0/awaitility-4.2.0.jar:/Users/tavitainesvasquezanticona/.m2/repository/org/hamcrest/hamcrest/2.2/hamcrest-2.2.jar:/Users/tavitainesvasquezanticona/.m2/repository/org/junit/jupiter/junit-jupiter/5.10.1/junit-jupiter-5.10.1.jar:/Users/tavitainesvasquezanticona/.m2/repository/org/junit/jupiter/junit-jupiter-api/5.10.1/junit-jupiter-api-5.10.1.jar:/Users/tavitainesvasquezanticona/.m2/repository/org/opentest4j/opentest4j/1.3.0/opentest4j-1.3.0.jar:/Users/tavitainesvasquezanticona/.m2/repository/org/junit/platform/junit-platform-commons/1.10.1/junit-platform-commons-1.10.1.jar:/Users/tavitainesvasquezanticona/.m2/repository/org/apiguardian/apiguardian-api/1.1.2/apiguardian-api-1.1.2.jar:/Users/tavitainesvasquezanticona/.m2/repository/org/junit/jupiter/junit-jupiter-params/5.10.1/junit-jupiter-params-5.10.1.jar:/Users/tavitainesvasquezanticona/.m2/repository/org/junit/jupiter/junit-jupiter-engine/5.10.1/junit-jupiter-engine-5.10.1.jar:/Users/tavitainesvasquezanticona/.m2/repository/org/junit/platform/junit-platform-engine/1.10.1/junit-platform-engine-1.10.1.jar:/Users/tavitainesvasquezanticona/.m2/repository/org/mockito/mockito-core/5.7.0/mockito-core-5.7.0.jar:/Users/tavitainesvasquezanticona/.m2/repository/net/bytebuddy/byte-buddy-agent/1.14.11/byte-buddy-agent-1.14.11.jar:/Users/tavitainesvasquezanticona/.m2/repository/org/objenesis/objenesis/3.3/objenesis-3.3.jar:/Users/tavitainesvasquezanticona/.m2/repository/org/mockito/mockito-junit-jupiter/5.7.0/mockito-junit-jupiter-5.7.0.jar:/Users/tavitainesvasquezanticona/.m2/repository/org/skyscreamer/jsonassert/1.5.1/jsonassert-1.5.1.jar:/Users/tavitainesvasquezanticona/.m2/repository/com/vaadin/external/google/android-json/0.0.20131108.vaadin1/android-json-0.0.20131108.vaadin1.jar:/Users/tavitainesvasquezanticona/.m2/repository/org/springframework/spring-core/6.1.3/spring-core-6.1.3.jar:/Users/tavitainesvasquezanticona/.m2/repository/org/springframework/spring-jcl/6.1.3/spring-jcl-6.1.3.jar:/Users/tavitainesvasquezanticona/.m2/repository/org/springframework/spring-test/6.1.3/spring-test-6.1.3.jar:/Users/tavitainesvasquezanticona/.m2/repository/org/xmlunit/xmlunit-core/2.9.1/xmlunit-core-2.9.1.jar:"/>
    <property name="java.vm.vendor" value="Oracle Corporation"/>
    <property name="sun.arch.data.model" value="64"/>
    <property name="java.vendor.url" value="https://java.oracle.com/"/>
    <property name="user.timezone" value="America/Lima"/>
    <property name="org.jboss.logging.provider" value="slf4j"/>
    <property name="os.name" value="Mac OS X"/>
    <property name="java.vm.specification.version" value="17"/>
    <property name="sun.java.launcher" value="SUN_STANDARD"/>
    <property name="user.country" value="PE"/>
    <property name="sun.boot.library.path" value="/Library/Java/JavaVirtualMachines/jdk-17.jdk/Contents/Home/lib"/>
    <property name="sun.java.command" value="/Users/tavitainesvasquezanticona/Documents/2024/udemy2/reto/code-challenge-main/code-challenge-main-ibk/target/surefire/surefirebooter-20240910110209191_3.jar /Users/tavitainesvasquezanticona/Documents/2024/udemy2/reto/code-challenge-main/code-challenge-main-ibk/target/surefire 2024-09-10T11-02-08_744-jvmRun1 surefire-20240910110209191_1tmp surefire_0-20240910110209191_2tmp"/>
    <property name="http.nonProxyHosts" value="local|*.local|169.254/16|*.169.254/16"/>
    <property name="jdk.debug" value="release"/>
    <property name="surefire.test.class.path" value="/Users/tavitainesvasquezanticona/Documents/2024/udemy2/reto/code-challenge-main/code-challenge-main-ibk/target/test-classes:/Users/tavitainesvasquezanticona/Documents/2024/udemy2/reto/code-challenge-main/code-challenge-main-ibk/target/classes:/Users/tavitainesvasquezanticona/.m2/repository/org/springframework/boot/spring-boot-starter-data-jpa/3.2.2/spring-boot-starter-data-jpa-3.2.2.jar:/Users/tavitainesvasquezanticona/.m2/repository/org/springframework/boot/spring-boot-starter-aop/3.2.2/spring-boot-starter-aop-3.2.2.jar:/Users/tavitainesvasquezanticona/.m2/repository/org/springframework/spring-aop/6.1.3/spring-aop-6.1.3.jar:/Users/tavitainesvasquezanticona/.m2/repository/org/aspectj/aspectjweaver/1.9.21/aspectjweaver-1.9.21.jar:/Users/tavitainesvasquezanticona/.m2/repository/org/springframework/boot/spring-boot-starter-jdbc/3.2.2/spring-boot-starter-jdbc-3.2.2.jar:/Users/tavitainesvasquezanticona/.m2/repository/com/zaxxer/HikariCP/5.0.1/HikariCP-5.0.1.jar:/Users/tavitainesvasquezanticona/.m2/repository/org/springframework/spring-jdbc/6.1.3/spring-jdbc-6.1.3.jar:/Users/tavitainesvasquezanticona/.m2/repository/org/hibernate/orm/hibernate-core/6.4.1.Final/hibernate-core-6.4.1.Final.jar:/Users/tavitainesvasquezanticona/.m2/repository/jakarta/persistence/jakarta.persistence-api/3.1.0/jakarta.persistence-api-3.1.0.jar:/Users/tavitainesvasquezanticona/.m2/repository/jakarta/transaction/jakarta.transaction-api/2.0.1/jakarta.transaction-api-2.0.1.jar:/Users/tavitainesvasquezanticona/.m2/repository/org/jboss/logging/jboss-logging/3.5.3.Final/jboss-logging-3.5.3.Final.jar:/Users/tavitainesvasquezanticona/.m2/repository/org/hibernate/common/hibernate-commons-annotations/6.0.6.Final/hibernate-commons-annotations-6.0.6.Final.jar:/Users/tavitainesvasquezanticona/.m2/repository/io/smallrye/jandex/3.1.2/jandex-3.1.2.jar:/Users/tavitainesvasquezanticona/.m2/repository/com/fasterxml/classmate/1.6.0/classmate-1.6.0.jar:/Users/tavitainesvasquezanticona/.m2/repository/net/bytebuddy/byte-buddy/1.14.11/byte-buddy-1.14.11.jar:/Users/tavitainesvasquezanticona/.m2/repository/org/glassfish/jaxb/jaxb-runtime/4.0.4/jaxb-runtime-4.0.4.jar:/Users/tavitainesvasquezanticona/.m2/repository/org/glassfish/jaxb/jaxb-core/4.0.4/jaxb-core-4.0.4.jar:/Users/tavitainesvasquezanticona/.m2/repository/org/eclipse/angus/angus-activation/2.0.1/angus-activation-2.0.1.jar:/Users/tavitainesvasquezanticona/.m2/repository/org/glassfish/jaxb/txw2/4.0.4/txw2-4.0.4.jar:/Users/tavitainesvasquezanticona/.m2/repository/com/sun/istack/istack-commons-runtime/4.1.2/istack-commons-runtime-4.1.2.jar:/Users/tavitainesvasquezanticona/.m2/repository/jakarta/inject/jakarta.inject-api/2.0.1/jakarta.inject-api-2.0.1.jar:/Users/tavitainesvasquezanticona/.m2/repository/org/antlr/antlr4-runtime/4.13.0/antlr4-runtime-4.13.0.jar:/Users/tavitainesvasquezanticona/.m2/repository/org/springframework/data/spring-data-jpa/3.2.2/spring-data-jpa-3.2.2.jar:/Users/tavitainesvasquezanticona/.m2/repository/org/springframework/data/spring-data-commons/3.2.2/spring-data-commons-3.2.2.jar:/Users/tavitainesvasquezanticona/.m2/repository/org/springframework/spring-orm/6.1.3/spring-orm-6.1.3.jar:/Users/tavitainesvasquezanticona/.m2/repository/org/springframework/spring-context/6.1.3/spring-context-6.1.3.jar:/Users/tavitainesvasquezanticona/.m2/repository/org/springframework/spring-tx/6.1.3/spring-tx-6.1.3.jar:/Users/tavitainesvasquezanticona/.m2/repository/org/springframework/spring-beans/6.1.3/spring-beans-6.1.3.jar:/Users/tavitainesvasquezanticona/.m2/repository/jakarta/annotation/jakarta.annotation-api/2.1.1/jakarta.annotation-api-2.1.1.jar:/Users/tavitainesvasquezanticona/.m2/repository/org/slf4j/slf4j-api/2.0.11/slf4j-api-2.0.11.jar:/Users/tavitainesvasquezanticona/.m2/repository/org/springframework/spring-aspects/6.1.3/spring-aspects-6.1.3.jar:/Users/tavitainesvasquezanticona/.m2/repository/org/springframework/boot/spring-boot-starter-validation/3.2.2/spring-boot-starter-validation-3.2.2.jar:/Users/tavitainesvasquezanticona/.m2/repository/org/springframework/boot/spring-boot-starter/3.2.2/spring-boot-starter-3.2.2.jar:/Users/tavitainesvasquezanticona/.m2/repository/org/springframework/boot/spring-boot/3.2.2/spring-boot-3.2.2.jar:/Users/tavitainesvasquezanticona/.m2/repository/org/springframework/boot/spring-boot-autoconfigure/3.2.2/spring-boot-autoconfigure-3.2.2.jar:/Users/tavitainesvasquezanticona/.m2/repository/org/springframework/boot/spring-boot-starter-logging/3.2.2/spring-boot-starter-logging-3.2.2.jar:/Users/tavitainesvasquezanticona/.m2/repository/ch/qos/logback/logback-classic/1.4.14/logback-classic-1.4.14.jar:/Users/tavitainesvasquezanticona/.m2/repository/ch/qos/logback/logback-core/1.4.14/logback-core-1.4.14.jar:/Users/tavitainesvasquezanticona/.m2/repository/org/apache/logging/log4j/log4j-to-slf4j/2.21.1/log4j-to-slf4j-2.21.1.jar:/Users/tavitainesvasquezanticona/.m2/repository/org/apache/logging/log4j/log4j-api/2.21.1/log4j-api-2.21.1.jar:/Users/tavitainesvasquezanticona/.m2/repository/org/slf4j/jul-to-slf4j/2.0.11/jul-to-slf4j-2.0.11.jar:/Users/tavitainesvasquezanticona/.m2/repository/org/yaml/snakeyaml/2.2/snakeyaml-2.2.jar:/Users/tavitainesvasquezanticona/.m2/repository/org/apache/tomcat/embed/tomcat-embed-el/10.1.18/tomcat-embed-el-10.1.18.jar:/Users/tavitainesvasquezanticona/.m2/repository/org/hibernate/validator/hibernate-validator/8.0.1.Final/hibernate-validator-8.0.1.Final.jar:/Users/tavitainesvasquezanticona/.m2/repository/jakarta/validation/jakarta.validation-api/3.0.2/jakarta.validation-api-3.0.2.jar:/Users/tavitainesvasquezanticona/.m2/repository/org/springframework/boot/spring-boot-starter-web/3.2.2/spring-boot-starter-web-3.2.2.jar:/Users/tavitainesvasquezanticona/.m2/repository/org/springframework/boot/spring-boot-starter-json/3.2.2/spring-boot-starter-json-3.2.2.jar:/Users/tavitainesvasquezanticona/.m2/repository/com/fasterxml/jackson/core/jackson-databind/2.15.3/jackson-databind-2.15.3.jar:/Users/tavitainesvasquezanticona/.m2/repository/com/fasterxml/jackson/core/jackson-annotations/2.15.3/jackson-annotations-2.15.3.jar:/Users/tavitainesvasquezanticona/.m2/repository/com/fasterxml/jackson/core/jackson-core/2.15.3/jackson-core-2.15.3.jar:/Users/tavitainesvasquezanticona/.m2/repository/com/fasterxml/jackson/datatype/jackson-datatype-jdk8/2.15.3/jackson-datatype-jdk8-2.15.3.jar:/Users/tavitainesvasquezanticona/.m2/repository/com/fasterxml/jackson/datatype/jackson-datatype-jsr310/2.15.3/jackson-datatype-jsr310-2.15.3.jar:/Users/tavitainesvasquezanticona/.m2/repository/com/fasterxml/jackson/module/jackson-module-parameter-names/2.15.3/jackson-module-parameter-names-2.15.3.jar:/Users/tavitainesvasquezanticona/.m2/repository/org/springframework/boot/spring-boot-starter-tomcat/3.2.2/spring-boot-starter-tomcat-3.2.2.jar:/Users/tavitainesvasquezanticona/.m2/repository/org/apache/tomcat/embed/tomcat-embed-core/10.1.18/tomcat-embed-core-10.1.18.jar:/Users/tavitainesvasquezanticona/.m2/repository/org/apache/tomcat/embed/tomcat-embed-websocket/10.1.18/tomcat-embed-websocket-10.1.18.jar:/Users/tavitainesvasquezanticona/.m2/repository/org/springframework/spring-web/6.1.3/spring-web-6.1.3.jar:/Users/tavitainesvasquezanticona/.m2/repository/io/micrometer/micrometer-observation/1.12.2/micrometer-observation-1.12.2.jar:/Users/tavitainesvasquezanticona/.m2/repository/io/micrometer/micrometer-commons/1.12.2/micrometer-commons-1.12.2.jar:/Users/tavitainesvasquezanticona/.m2/repository/org/springframework/spring-webmvc/6.1.3/spring-webmvc-6.1.3.jar:/Users/tavitainesvasquezanticona/.m2/repository/org/springframework/spring-expression/6.1.3/spring-expression-6.1.3.jar:/Users/tavitainesvasquezanticona/.m2/repository/org/springframework/cloud/spring-cloud-starter-openfeign/4.1.3/spring-cloud-starter-openfeign-4.1.3.jar:/Users/tavitainesvasquezanticona/.m2/repository/org/springframework/cloud/spring-cloud-starter/4.1.4/spring-cloud-starter-4.1.4.jar:/Users/tavitainesvasquezanticona/.m2/repository/org/springframework/cloud/spring-cloud-context/4.1.4/spring-cloud-context-4.1.4.jar:/Users/tavitainesvasquezanticona/.m2/repository/org/springframework/security/spring-security-rsa/1.1.3/spring-security-rsa-1.1.3.jar:/Users/tavitainesvasquezanticona/.m2/repository/org/bouncycastle/bcprov-jdk18on/1.78/bcprov-jdk18on-1.78.jar:/Users/tavitainesvasquezanticona/.m2/repository/org/springframework/cloud/spring-cloud-openfeign-core/4.1.3/spring-cloud-openfeign-core-4.1.3.jar:/Users/tavitainesvasquezanticona/.m2/repository/io/github/openfeign/form/feign-form-spring/3.8.0/feign-form-spring-3.8.0.jar:/Users/tavitainesvasquezanticona/.m2/repository/io/github/openfeign/form/feign-form/3.8.0/feign-form-3.8.0.jar:/Users/tavitainesvasquezanticona/.m2/repository/commons-fileupload/commons-fileupload/1.5/commons-fileupload-1.5.jar:/Users/tavitainesvasquezanticona/.m2/repository/commons-io/commons-io/2.11.0/commons-io-2.11.0.jar:/Users/tavitainesvasquezanticona/.m2/repository/org/springframework/cloud/spring-cloud-commons/4.1.4/spring-cloud-commons-4.1.4.jar:/Users/tavitainesvasquezanticona/.m2/repository/org/springframework/security/spring-security-crypto/6.2.1/spring-security-crypto-6.2.1.jar:/Users/tavitainesvasquezanticona/.m2/repository/io/github/openfeign/feign-core/13.3/feign-core-13.3.jar:/Users/tavitainesvasquezanticona/.m2/repository/io/github/openfeign/feign-slf4j/13.3/feign-slf4j-13.3.jar:/Users/tavitainesvasquezanticona/.m2/repository/com/h2database/h2/2.2.224/h2-2.2.224.jar:/Users/tavitainesvasquezanticona/.m2/repository/org/projectlombok/lombok/1.18.30/lombok-1.18.30.jar:/Users/tavitainesvasquezanticona/.m2/repository/org/springframework/boot/spring-boot-starter-test/3.2.2/spring-boot-starter-test-3.2.2.jar:/Users/tavitainesvasquezanticona/.m2/repository/org/springframework/boot/spring-boot-test/3.2.2/spring-boot-test-3.2.2.jar:/Users/tavitainesvasquezanticona/.m2/repository/org/springframework/boot/spring-boot-test-autoconfigure/3.2.2/spring-boot-test-autoconfigure-3.2.2.jar:/Users/tavitainesvasquezanticona/.m2/repository/com/jayway/jsonpath/json-path/2.8.0/json-path-2.8.0.jar:/Users/tavitainesvasquezanticona/.m2/repository/jakarta/xml/bind/jakarta.xml.bind-api/4.0.1/jakarta.xml.bind-api-4.0.1.jar:/Users/tavitainesvasquezanticona/.m2/repository/jakarta/activation/jakarta.activation-api/2.1.2/jakarta.activation-api-2.1.2.jar:/Users/tavitainesvasquezanticona/.m2/repository/net/minidev/json-smart/2.5.0/json-smart-2.5.0.jar:/Users/tavitainesvasquezanticona/.m2/repository/net/minidev/accessors-smart/2.5.0/accessors-smart-2.5.0.jar:/Users/tavitainesvasquezanticona/.m2/repository/org/ow2/asm/asm/9.3/asm-9.3.jar:/Users/tavitainesvasquezanticona/.m2/repository/org/assertj/assertj-core/3.24.2/assertj-core-3.24.2.jar:/Users/tavitainesvasquezanticona/.m2/repository/org/awaitility/awaitility/4.2.0/awaitility-4.2.0.jar:/Users/tavitainesvasquezanticona/.m2/repository/org/hamcrest/hamcrest/2.2/hamcrest-2.2.jar:/Users/tavitainesvasquezanticona/.m2/repository/org/junit/jupiter/junit-jupiter/5.10.1/junit-jupiter-5.10.1.jar:/Users/tavitainesvasquezanticona/.m2/repository/org/junit/jupiter/junit-jupiter-api/5.10.1/junit-jupiter-api-5.10.1.jar:/Users/tavitainesvasquezanticona/.m2/repository/org/opentest4j/opentest4j/1.3.0/opentest4j-1.3.0.jar:/Users/tavitainesvasquezanticona/.m2/repository/org/junit/platform/junit-platform-commons/1.10.1/junit-platform-commons-1.10.1.jar:/Users/tavitainesvasquezanticona/.m2/repository/org/apiguardian/apiguardian-api/1.1.2/apiguardian-api-1.1.2.jar:/Users/tavitainesvasquezanticona/.m2/repository/org/junit/jupiter/junit-jupiter-params/5.10.1/junit-jupiter-params-5.10.1.jar:/Users/tavitainesvasquezanticona/.m2/repository/org/junit/jupiter/junit-jupiter-engine/5.10.1/junit-jupiter-engine-5.10.1.jar:/Users/tavitainesvasquezanticona/.m2/repository/org/junit/platform/junit-platform-engine/1.10.1/junit-platform-engine-1.10.1.jar:/Users/tavitainesvasquezanticona/.m2/repository/org/mockito/mockito-core/5.7.0/mockito-core-5.7.0.jar:/Users/tavitainesvasquezanticona/.m2/repository/net/bytebuddy/byte-buddy-agent/1.14.11/byte-buddy-agent-1.14.11.jar:/Users/tavitainesvasquezanticona/.m2/repository/org/objenesis/objenesis/3.3/objenesis-3.3.jar:/Users/tavitainesvasquezanticona/.m2/repository/org/mockito/mockito-junit-jupiter/5.7.0/mockito-junit-jupiter-5.7.0.jar:/Users/tavitainesvasquezanticona/.m2/repository/org/skyscreamer/jsonassert/1.5.1/jsonassert-1.5.1.jar:/Users/tavitainesvasquezanticona/.m2/repository/com/vaadin/external/google/android-json/0.0.20131108.vaadin1/android-json-0.0.20131108.vaadin1.jar:/Users/tavitainesvasquezanticona/.m2/repository/org/springframework/spring-core/6.1.3/spring-core-6.1.3.jar:/Users/tavitainesvasquezanticona/.m2/repository/org/springframework/spring-jcl/6.1.3/spring-jcl-6.1.3.jar:/Users/tavitainesvasquezanticona/.m2/repository/org/springframework/spring-test/6.1.3/spring-test-6.1.3.jar:/Users/tavitainesvasquezanticona/.m2/repository/org/xmlunit/xmlunit-core/2.9.1/xmlunit-core-2.9.1.jar:"/>
    <property name="sun.cpu.endian" value="little"/>
    <property name="user.home" value="/Users/tavitainesvasquezanticona"/>
    <property name="user.language" value="es"/>
    <property name="java.specification.vendor" value="Oracle Corporation"/>
    <property name="java.version.date" value="2024-01-16"/>
    <property name="java.home" value="/Library/Java/JavaVirtualMachines/jdk-17.jdk/Contents/Home"/>
    <property name="file.separator" value="/"/>
    <property name="basedir" value="/Users/tavitainesvasquezanticona/Documents/2024/udemy2/reto/code-challenge-main/code-challenge-main-ibk"/>
    <property name="java.vm.compressedOopsMode" value="Zero based"/>
    <property name="line.separator" value="&#10;"/>
    <property name="java.vm.specification.vendor" value="Oracle Corporation"/>
    <property name="java.specification.name" value="Java Platform API Specification"/>
    <property name="FILE_LOG_CHARSET" value="US-ASCII"/>
    <property name="java.awt.headless" value="true"/>
    <property name="surefire.real.class.path" value="/Users/tavitainesvasquezanticona/Documents/2024/udemy2/reto/code-challenge-main/code-challenge-main-ibk/target/surefire/surefirebooter-20240910110209191_3.jar"/>
    <property name="sun.management.compiler" value="HotSpot 64-Bit Tiered Compilers"/>
    <property name="ftp.nonProxyHosts" value="local|*.local|169.254/16|*.169.254/16"/>
    <property name="java.runtime.version" value="17.0.10+11-LTS-240"/>
    <property name="user.name" value="tavitainesvasquezanticona"/>
    <property name="path.separator" value=":"/>
    <property name="os.version" value="14.4"/>
    <property name="java.runtime.name" value="Java(TM) SE Runtime Environment"/>
    <property name="file.encoding" value="US-ASCII"/>
    <property name="java.vm.name" value="Java HotSpot(TM) 64-Bit Server VM"/>
    <property name="localRepository" value="/Users/tavitainesvasquezanticona/.m2/repository"/>
    <property name="java.vendor.url.bug" value="https://bugreport.java.com/bugreport/"/>
    <property name="java.io.tmpdir" value="/var/folders/z6/g4_gs3ds7_v1l6zrgyjcxs8c0000gn/T/"/>
    <property name="idea.version" value="2024.1.6"/>
    <property name="com.zaxxer.hikari.pool_number" value="1"/>
    <property name="java.version" value="17.0.10"/>
    <property name="user.dir" value="/Users/tavitainesvasquezanticona/Documents/2024/udemy2/reto/code-challenge-main/code-challenge-main-ibk"/>
    <property name="os.arch" value="aarch64"/>
    <property name="java.vm.specification.name" value="Java Virtual Machine Specification"/>
    <property name="PID" value="59274"/>
    <property name="CONSOLE_LOG_CHARSET" value="US-ASCII"/>
    <property name="native.encoding" value="US-ASCII"/>
    <property name="java.library.path" value="/Users/tavitainesvasquezanticona/Library/Java/Extensions:/Library/Java/Extensions:/Network/Library/Java/Extensions:/System/Library/Java/Extensions:/usr/lib/java:."/>
    <property name="java.vm.info" value="mixed mode, sharing"/>
    <property name="java.vendor" value="Oracle Corporation"/>
    <property name="java.vm.version" value="17.0.10+11-LTS-240"/>
    <property name="sun.io.unicode.encoding" value="UnicodeBig"/>
    <property name="socksNonProxyHosts" value="local|*.local|169.254/16|*.169.254/16"/>
    <property name="java.class.version" value="61.0"/>
    <property name="LOGGED_APPLICATION_NAME" value="[code-challenge] "/>
  </properties>
  <testcase name="find" classname="com.example.codechallenge.service.impl.UserServiceImplTest" time="0.012"/>
  <testcase name="save" classname="com.example.codechallenge.service.impl.UserServiceImplTest" time="0.001"/>
  <testcase name="users" classname="com.example.codechallenge.service.impl.UserServiceImplTest" time="0.001"/>
</testsuite>